<?xml version="1.0" encoding="UTF-8"?>
<testsuite xmlns:xsi="http://www.w3.org/2001/XMLSchema-instance" xsi:noNamespaceSchemaLocation="https://maven.apache.org/surefire/maven-surefire-plugin/xsd/surefire-test-report.xsd" version="3.0.2" name="com.openclassrooms.tourguide.performance.TestTrackLocationPerformance" time="207.452" tests="1" errors="0" skipped="0" failures="0">
  <properties>
[...]
</properties>
  <testcase name="highVolumeTrackLocation" classname="com.openclassrooms.tourguide.performance.TestTrackLocationPerformance" time="207.345">
    <system-out><![CDATA[17:30:12.651 [main] INFO  c.o.t.p.TestTrackLocationPerformance - Initializing ExecutorService
17:30:13.950 [main] INFO  c.o.t.p.TestTrackLocationPerformance - Tracking 100000 users...
17:30:32.744 [pool-3-thread-27] INFO  c.o.tourguide.service.RewardsService - User: internalUser48357, visitedLocations: 4, attractionsToCheck: 26
17:30:54.227 [pool-3-thread-282] INFO  c.o.tourguide.service.RewardsService - User: internalUser74739, visitedLocations: 4, attractionsToCheck: 26
17:30:54.358 [pool-3-thread-76] INFO  c.o.tourguide.service.RewardsService - User: internalUser40997, visitedLocations: 4, attractionsToCheck: 26
17:30:55.392 [pool-3-thread-40] INFO  c.o.tourguide.service.RewardsService - User: internalUser29031, visitedLocations: 4, attractionsToCheck: 26
17:31:14.266 [pool-3-thread-266] INFO  c.o.tourguide.service.RewardsService - User: internalUser93165, visitedLocations: 4, attractionsToCheck: 26
17:31:15.710 [pool-3-thread-160] INFO  c.o.tourguide.service.RewardsService - User: internalUser22122, visitedLocations: 4, attractionsToCheck: 26
17:31:35.305 [pool-3-thread-249] INFO  c.o.tourguide.service.RewardsService - User: internalUser80964, visitedLocations: 4, attractionsToCheck: 26
17:31:55.591 [pool-3-thread-203] INFO  c.o.tourguide.service.RewardsService - User: internalUser17987, visitedLocations: 4, attractionsToCheck: 26
17:31:55.684 [pool-3-thread-284] INFO  c.o.tourguide.service.RewardsService - User: internalUser76136, visitedLocations: 4, attractionsToCheck: 26
17:31:55.970 [pool-3-thread-265] INFO  c.o.tourguide.service.RewardsService - User: internalUser63964, visitedLocations: 4, attractionsToCheck: 26
17:32:14.736 [pool-3-thread-66] INFO  c.o.tourguide.service.RewardsService - User: internalUser63759, visitedLocations: 4, attractionsToCheck: 26
17:32:16.059 [pool-3-thread-152] INFO  c.o.tourguide.service.RewardsService - User: internalUser8217, visitedLocations: 4, attractionsToCheck: 26
17:32:37.793 [pool-3-thread-297] INFO  c.o.tourguide.service.RewardsService - User: internalUser84785, visitedLocations: 4, attractionsToCheck: 26
17:32:37.972 [pool-3-thread-197] INFO  c.o.tourguide.service.RewardsService - User: internalUser11454, visitedLocations: 4, attractionsToCheck: 26
17:32:58.786 [pool-3-thread-90] INFO  c.o.tourguide.service.RewardsService - User: internalUser85026, visitedLocations: 4, attractionsToCheck: 26
17:32:58.844 [pool-3-thread-76] INFO  c.o.tourguide.service.RewardsService - User: internalUser51560, visitedLocations: 4, attractionsToCheck: 26
17:32:57.769 [pool-3-thread-295] INFO  c.o.tourguide.service.RewardsService - User: internalUser58881, visitedLocations: 4, attractionsToCheck: 26
17:33:18.504 [pool-3-thread-62] INFO  c.o.tourguide.service.RewardsService - User: internalUser31177, visitedLocations: 4, attractionsToCheck: 26
17:33:18.801 [pool-3-thread-201] INFO  c.o.tourguide.service.RewardsService - User: internalUser99041, visitedLocations: 4, attractionsToCheck: 26
17:33:39.096 [pool-3-thread-25] INFO  c.o.tourguide.service.RewardsService - User: internalUser91124, visitedLocations: 4, attractionsToCheck: 26
17:33:39.721 [pool-3-thread-161] INFO  c.o.tourguide.service.RewardsService - User: internalUser66661, visitedLocations: 4, attractionsToCheck: 26
17:33:39.970 [main] INFO  c.o.t.p.TestTrackLocationPerformance - ===== FINAL RESULT =====
17:33:39.989 [main] INFO  c.o.t.p.TestTrackLocationPerformance - highVolumeTrackLocation: Time Elapsed: 206 seconds.
]]></system-out>
  </testcase>
</testsuite>