<?xml version="1.0" encoding="UTF-8"?>
<testsuite xmlns:xsi="http://www.w3.org/2001/XMLSchema-instance" xsi:noNamespaceSchemaLocation="https://maven.apache.org/surefire/maven-surefire-plugin/xsd/surefire-test-report.xsd" version="3.0.2" name="com.openclassrooms.tourguide.unitaire.TestPerformance" time="608.128" tests="2" errors="0" skipped="0" failures="0">
  <properties>
[...]
</properties>
  <testcase name="highVolumeTrackLocation" classname="com.openclassrooms.tourguide.unitaire.TestPerformance" time="206.774">
    <system-out><![CDATA[16:56:04.029 [main] INFO  c.o.t.unitaire.TestPerformance - Initializing ExecutorService
16:56:04.331 [main] INFO  c.o.t.unitaire.TestPerformance - Tracking 100000 users...
16:56:30.082 [pool-5-thread-135] INFO  c.o.tourguide.service.RewardsService - Processing rewards for user: internalUser88851
16:56:38.421 [pool-5-thread-23] INFO  c.o.tourguide.service.RewardsService - Processing rewards for user: internalUser4770
16:56:40.247 [pool-5-thread-45] INFO  c.o.tourguide.service.RewardsService - Processing rewards for user: internalUser74907
16:56:42.249 [pool-5-thread-71] INFO  c.o.tourguide.service.RewardsService - Processing rewards for user: internalUser54310
16:56:48.050 [pool-5-thread-1] INFO  c.o.tourguide.service.RewardsService - Processing rewards for user: internalUser20256
16:57:04.905 [pool-5-thread-123] INFO  c.o.tourguide.service.RewardsService - Processing rewards for user: internalUser95266
16:57:11.746 [pool-5-thread-102] INFO  c.o.tourguide.service.RewardsService - Processing rewards for user: internalUser55022
16:57:28.303 [pool-5-thread-148] INFO  c.o.tourguide.service.RewardsService - Processing rewards for user: internalUser6939
16:57:31.985 [pool-5-thread-38] INFO  c.o.tourguide.service.RewardsService - Processing rewards for user: internalUser96627
16:57:38.219 [pool-5-thread-43] INFO  c.o.tourguide.service.RewardsService - Processing rewards for user: internalUser81561
16:58:05.625 [pool-5-thread-47] INFO  c.o.tourguide.service.RewardsService - Processing rewards for user: internalUser82456
16:58:28.406 [pool-5-thread-46] INFO  c.o.tourguide.service.RewardsService - Processing rewards for user: internalUser44962
16:58:35.221 [pool-5-thread-67] INFO  c.o.tourguide.service.RewardsService - Processing rewards for user: internalUser400
16:58:43.153 [pool-5-thread-76] INFO  c.o.tourguide.service.RewardsService - Processing rewards for user: internalUser12426
16:58:55.482 [pool-5-thread-5] INFO  c.o.tourguide.service.RewardsService - Processing rewards for user: internalUser71039
16:59:16.325 [pool-5-thread-140] INFO  c.o.tourguide.service.RewardsService - Processing rewards for user: internalUser72889
16:59:29.274 [pool-5-thread-68] INFO  c.o.tourguide.service.RewardsService - Processing rewards for user: internalUser52066
16:59:30.799 [main] INFO  c.o.t.unitaire.TestPerformance - ===== FINAL RESULT =====
16:59:30.800 [main] INFO  c.o.t.unitaire.TestPerformance - highVolumeTrackLocation: Time Elapsed: 206 seconds.
]]></system-out>
  </testcase>
  <testcase name="highVolumeGetRewards" classname="com.openclassrooms.tourguide.unitaire.TestPerformance" time="401.34">
    <system-out><![CDATA[16:59:30.979 [main] INFO  c.o.t.unitaire.TestPerformance - Tracking 100000 users...
16:59:35.739 [pool-5-thread-20] INFO  c.o.t.unitaire.TestPerformance - All rewards calculated
16:59:39.758 [pool-5-thread-42] INFO  c.o.t.unitaire.TestPerformance - All rewards calculated
16:59:40.564 [pool-5-thread-72] INFO  c.o.tourguide.service.RewardsService - Processing rewards for user: internalUser87430
16:59:41.797 [pool-5-thread-15] INFO  c.o.tourguide.service.RewardsService - Processing rewards for user: internalUser87346
16:59:43.827 [pool-5-thread-80] INFO  c.o.t.unitaire.TestPerformance - All rewards calculated
16:59:47.804 [pool-5-thread-19] INFO  c.o.t.unitaire.TestPerformance - All rewards calculated
16:59:51.783 [pool-5-thread-59] INFO  c.o.t.unitaire.TestPerformance - All rewards calculated
16:59:53.321 [pool-5-thread-94] INFO  c.o.tourguide.service.RewardsService - Processing rewards for user: internalUser48556
16:59:55.735 [pool-5-thread-134] INFO  c.o.t.unitaire.TestPerformance - All rewards calculated
16:59:59.749 [pool-5-thread-111] INFO  c.o.t.unitaire.TestPerformance - All rewards calculated
17:00:03.664 [pool-5-thread-115] INFO  c.o.t.unitaire.TestPerformance - All rewards calculated
17:00:07.725 [pool-5-thread-44] INFO  c.o.t.unitaire.TestPerformance - All rewards calculated
17:00:11.735 [pool-5-thread-1] INFO  c.o.t.unitaire.TestPerformance - All rewards calculated
17:00:15.837 [pool-5-thread-103] INFO  c.o.t.unitaire.TestPerformance - All rewards calculated
17:00:19.844 [pool-5-thread-59] INFO  c.o.t.unitaire.TestPerformance - All rewards calculated
17:00:23.834 [pool-5-thread-37] INFO  c.o.t.unitaire.TestPerformance - All rewards calculated
17:00:27.872 [pool-5-thread-27] INFO  c.o.t.unitaire.TestPerformance - All rewards calculated
17:00:31.759 [pool-5-thread-55] INFO  c.o.t.unitaire.TestPerformance - All rewards calculated
17:00:35.750 [pool-5-thread-73] INFO  c.o.t.unitaire.TestPerformance - All rewards calculated
17:00:39.789 [pool-5-thread-25] INFO  c.o.t.unitaire.TestPerformance - All rewards calculated
17:00:43.843 [pool-5-thread-42] INFO  c.o.t.unitaire.TestPerformance - All rewards calculated
17:00:47.832 [pool-5-thread-76] INFO  c.o.t.unitaire.TestPerformance - All rewards calculated
17:00:51.862 [pool-5-thread-38] INFO  c.o.t.unitaire.TestPerformance - All rewards calculated
17:00:55.925 [pool-5-thread-45] INFO  c.o.t.unitaire.TestPerformance - All rewards calculated
17:00:56.810 [pool-5-thread-88] INFO  c.o.tourguide.service.RewardsService - Processing rewards for user: internalUser68161
17:00:59.978 [pool-5-thread-27] INFO  c.o.t.unitaire.TestPerformance - All rewards calculated
17:01:04.032 [pool-5-thread-124] INFO  c.o.t.unitaire.TestPerformance - All rewards calculated
17:01:08.060 [pool-5-thread-7] INFO  c.o.t.unitaire.TestPerformance - All rewards calculated
17:01:12.079 [pool-5-thread-66] INFO  c.o.t.unitaire.TestPerformance - All rewards calculated
17:01:16.003 [pool-5-thread-29] INFO  c.o.t.unitaire.TestPerformance - All rewards calculated
17:01:16.945 [pool-5-thread-101] INFO  c.o.tourguide.service.RewardsService - Processing rewards for user: internalUser75776
17:01:20.039 [pool-5-thread-91] INFO  c.o.t.unitaire.TestPerformance - All rewards calculated
17:01:24.070 [pool-5-thread-53] INFO  c.o.t.unitaire.TestPerformance - All rewards calculated
17:01:28.024 [pool-5-thread-88] INFO  c.o.t.unitaire.TestPerformance - All rewards calculated
17:01:29.999 [pool-5-thread-96] INFO  c.o.tourguide.service.RewardsService - Processing rewards for user: internalUser36798
17:01:31.958 [pool-5-thread-69] INFO  c.o.t.unitaire.TestPerformance - All rewards calculated
17:01:36.049 [pool-5-thread-3] INFO  c.o.t.unitaire.TestPerformance - All rewards calculated
17:01:40.110 [pool-5-thread-89] INFO  c.o.t.unitaire.TestPerformance - All rewards calculated
17:01:44.151 [pool-5-thread-84] INFO  c.o.t.unitaire.TestPerformance - All rewards calculated
17:01:45.577 [pool-5-thread-3] INFO  c.o.tourguide.service.RewardsService - Processing rewards for user: internalUser94485
17:01:45.951 [pool-5-thread-74] INFO  c.o.tourguide.service.RewardsService - Processing rewards for user: internalUser69418
17:01:48.160 [pool-5-thread-148] INFO  c.o.t.unitaire.TestPerformance - All rewards calculated
17:01:52.133 [pool-5-thread-75] INFO  c.o.t.unitaire.TestPerformance - All rewards calculated
17:01:55.968 [pool-5-thread-88] INFO  c.o.t.unitaire.TestPerformance - All rewards calculated
17:01:59.921 [pool-5-thread-20] INFO  c.o.t.unitaire.TestPerformance - All rewards calculated
17:02:04.027 [pool-5-thread-128] INFO  c.o.t.unitaire.TestPerformance - All rewards calculated
17:02:08.107 [pool-5-thread-72] INFO  c.o.t.unitaire.TestPerformance - All rewards calculated
17:02:11.984 [pool-5-thread-114] INFO  c.o.t.unitaire.TestPerformance - All rewards calculated
17:02:15.914 [pool-5-thread-39] INFO  c.o.t.unitaire.TestPerformance - All rewards calculated
17:02:20.003 [pool-5-thread-46] INFO  c.o.t.unitaire.TestPerformance - All rewards calculated
17:02:22.064 [pool-5-thread-34] INFO  c.o.tourguide.service.RewardsService - Processing rewards for user: internalUser23410
17:02:24.066 [pool-5-thread-59] INFO  c.o.t.unitaire.TestPerformance - All rewards calculated
17:02:28.045 [pool-5-thread-117] INFO  c.o.t.unitaire.TestPerformance - All rewards calculated
17:02:32.025 [pool-5-thread-136] INFO  c.o.t.unitaire.TestPerformance - All rewards calculated
17:02:36.075 [pool-5-thread-10] INFO  c.o.t.unitaire.TestPerformance - All rewards calculated
17:02:40.075 [pool-5-thread-75] INFO  c.o.t.unitaire.TestPerformance - All rewards calculated
17:02:44.043 [pool-5-thread-20] INFO  c.o.t.unitaire.TestPerformance - All rewards calculated
17:02:48.033 [pool-5-thread-119] INFO  c.o.t.unitaire.TestPerformance - All rewards calculated
17:02:52.031 [pool-5-thread-49] INFO  c.o.t.unitaire.TestPerformance - All rewards calculated
17:02:56.116 [pool-5-thread-24] INFO  c.o.t.unitaire.TestPerformance - All rewards calculated
17:03:00.095 [pool-5-thread-95] INFO  c.o.t.unitaire.TestPerformance - All rewards calculated
17:03:04.074 [pool-5-thread-148] INFO  c.o.t.unitaire.TestPerformance - All rewards calculated
17:03:08.112 [pool-5-thread-62] INFO  c.o.t.unitaire.TestPerformance - All rewards calculated
17:03:12.022 [pool-5-thread-95] INFO  c.o.t.unitaire.TestPerformance - All rewards calculated
17:03:16.096 [pool-5-thread-128] INFO  c.o.t.unitaire.TestPerformance - All rewards calculated
17:03:18.596 [pool-5-thread-103] INFO  c.o.tourguide.service.RewardsService - Processing rewards for user: internalUser82869
17:03:20.130 [pool-5-thread-106] INFO  c.o.t.unitaire.TestPerformance - All rewards calculated
17:03:24.173 [pool-5-thread-121] INFO  c.o.t.unitaire.TestPerformance - All rewards calculated
17:03:26.652 [pool-5-thread-147] INFO  c.o.tourguide.service.RewardsService - Processing rewards for user: internalUser63228
17:03:28.231 [pool-5-thread-26] INFO  c.o.t.unitaire.TestPerformance - All rewards calculated
17:03:32.172 [pool-5-thread-134] INFO  c.o.t.unitaire.TestPerformance - All rewards calculated
17:03:36.057 [pool-5-thread-114] INFO  c.o.t.unitaire.TestPerformance - All rewards calculated
17:03:40.212 [pool-5-thread-116] INFO  c.o.t.unitaire.TestPerformance - All rewards calculated
17:03:44.224 [pool-5-thread-68] INFO  c.o.t.unitaire.TestPerformance - All rewards calculated
17:03:48.265 [pool-5-thread-133] INFO  c.o.t.unitaire.TestPerformance - All rewards calculated
17:03:50.454 [pool-5-thread-20] INFO  c.o.tourguide.service.RewardsService - Processing rewards for user: internalUser25148
17:03:52.246 [pool-5-thread-1] INFO  c.o.t.unitaire.TestPerformance - All rewards calculated
17:03:56.285 [pool-5-thread-45] INFO  c.o.t.unitaire.TestPerformance - All rewards calculated
17:04:00.247 [pool-5-thread-7] INFO  c.o.t.unitaire.TestPerformance - All rewards calculated
17:04:04.263 [pool-5-thread-98] INFO  c.o.t.unitaire.TestPerformance - All rewards calculated
17:04:07.210 [pool-5-thread-128] INFO  c.o.tourguide.service.RewardsService - Processing rewards for user: internalUser25920
17:04:08.260 [pool-5-thread-96] INFO  c.o.t.unitaire.TestPerformance - All rewards calculated
17:04:08.690 [pool-5-thread-71] INFO  c.o.tourguide.service.RewardsService - Processing rewards for user: internalUser78201
17:04:12.220 [pool-5-thread-90] INFO  c.o.t.unitaire.TestPerformance - All rewards calculated
17:04:16.162 [pool-5-thread-94] INFO  c.o.t.unitaire.TestPerformance - All rewards calculated
17:04:20.251 [pool-5-thread-126] INFO  c.o.t.unitaire.TestPerformance - All rewards calculated
17:04:20.965 [pool-5-thread-149] INFO  c.o.tourguide.service.RewardsService - Processing rewards for user: internalUser58939
17:04:24.247 [pool-5-thread-126] INFO  c.o.t.unitaire.TestPerformance - All rewards calculated
17:04:28.175 [pool-5-thread-18] INFO  c.o.t.unitaire.TestPerformance - All rewards calculated
17:04:32.026 [pool-5-thread-16] INFO  c.o.t.unitaire.TestPerformance - All rewards calculated
17:04:34.238 [pool-5-thread-26] INFO  c.o.tourguide.service.RewardsService - Processing rewards for user: internalUser30641
17:04:35.869 [pool-5-thread-79] INFO  c.o.t.unitaire.TestPerformance - All rewards calculated
17:04:39.905 [pool-5-thread-146] INFO  c.o.t.unitaire.TestPerformance - All rewards calculated
17:04:43.909 [pool-5-thread-10] INFO  c.o.t.unitaire.TestPerformance - All rewards calculated
17:04:46.499 [pool-5-thread-14] INFO  c.o.tourguide.service.RewardsService - Processing rewards for user: internalUser51539
17:04:47.964 [pool-5-thread-150] INFO  c.o.t.unitaire.TestPerformance - All rewards calculated
17:04:51.959 [pool-5-thread-43] INFO  c.o.t.unitaire.TestPerformance - All rewards calculated
17:04:56.004 [pool-5-thread-60] INFO  c.o.t.unitaire.TestPerformance - All rewards calculated
17:05:00.068 [pool-5-thread-124] INFO  c.o.t.unitaire.TestPerformance - All rewards calculated
17:05:00.587 [pool-5-thread-97] INFO  c.o.tourguide.service.RewardsService - Processing rewards for user: internalUser71091
17:05:04.135 [pool-5-thread-37] INFO  c.o.t.unitaire.TestPerformance - All rewards calculated
17:05:08.142 [pool-5-thread-37] INFO  c.o.t.unitaire.TestPerformance - All rewards calculated
17:05:12.090 [pool-5-thread-25] INFO  c.o.t.unitaire.TestPerformance - All rewards calculated
17:05:16.165 [pool-5-thread-16] INFO  c.o.t.unitaire.TestPerformance - All rewards calculated
17:05:20.154 [pool-5-thread-96] INFO  c.o.t.unitaire.TestPerformance - All rewards calculated
17:05:24.276 [pool-5-thread-36] INFO  c.o.t.unitaire.TestPerformance - All rewards calculated
17:05:28.284 [pool-5-thread-28] INFO  c.o.t.unitaire.TestPerformance - All rewards calculated
17:05:32.238 [pool-5-thread-136] INFO  c.o.t.unitaire.TestPerformance - All rewards calculated
17:05:33.067 [pool-5-thread-103] INFO  c.o.tourguide.service.RewardsService - Processing rewards for user: internalUser13422
17:05:36.276 [pool-5-thread-55] INFO  c.o.t.unitaire.TestPerformance - All rewards calculated
17:05:40.377 [pool-5-thread-142] INFO  c.o.t.unitaire.TestPerformance - All rewards calculated
17:05:44.380 [pool-5-thread-25] INFO  c.o.t.unitaire.TestPerformance - All rewards calculated
17:05:48.397 [pool-5-thread-22] INFO  c.o.t.unitaire.TestPerformance - All rewards calculated
17:05:52.277 [pool-5-thread-119] INFO  c.o.t.unitaire.TestPerformance - All rewards calculated
17:05:56.330 [pool-5-thread-25] INFO  c.o.t.unitaire.TestPerformance - All rewards calculated
17:06:00.393 [pool-5-thread-128] INFO  c.o.t.unitaire.TestPerformance - All rewards calculated
17:06:01.890 [pool-5-thread-50] INFO  c.o.tourguide.service.RewardsService - Processing rewards for user: internalUser52542
17:06:04.283 [pool-5-thread-67] INFO  c.o.t.unitaire.TestPerformance - All rewards calculated
17:06:08.199 [pool-5-thread-91] INFO  c.o.t.unitaire.TestPerformance - All rewards calculated
17:06:12.143 [pool-5-thread-51] INFO  c.o.t.unitaire.TestPerformance - All rewards calculated
17:06:12.143 [main] INFO  c.o.t.unitaire.TestPerformance - ===== FINAL RESULT =====
17:06:12.143 [main] INFO  c.o.t.unitaire.TestPerformance - highVolumeGetRewards: Time Elapsed: 401 seconds.
]]></system-out>
  </testcase>
</testsuite>